<?xml version="1.0" encoding="UTF-8"?>
<!-- Generated by org.testng.reporters.JUnitReportReporter -->
<testsuite skipped="0" hostname="DESKTOP-OAVT275" name="com.osa.base.Browser" tests="1" failures="0" timestamp="2020-07-13T10:56:27 EDT" time="14.008" errors="0">
  <testcase name="OpenBrowser" time="14.008" classname="com.osa.base.Browser"/>
  <system-out/>
</testsuite> <!-- com.osa.base.Browser -->
